[14-Feb-2025 10:59:49] NOTICE: fpm is running, pid 80911
[14-Feb-2025 10:59:50] NOTICE: ready to handle connections
[14-Feb-2025 21:48:05] NOTICE: Terminating ...
[14-Feb-2025 21:48:05] NOTICE: Terminating ...
[14-Feb-2025 21:48:05] NOTICE: exiting, bye-bye!
[14-Feb-2025 21:48:32] NOTICE: fpm is running, pid 20442
[14-Feb-2025 21:48:32] NOTICE: ready to handle connections
[15-Feb-2025 10:43:03] NOTICE: fpm is running, pid 2109
[15-Feb-2025 10:43:03] NOTICE: ready to handle connections
[15-Feb-2025 11:07:35] NOTICE: Terminating ...
[15-Feb-2025 11:07:35] NOTICE: Terminating ...
[15-Feb-2025 11:07:35] NOTICE: exiting, bye-bye!
[15-Feb-2025 11:07:35] NOTICE: fpm is running, pid 3891
[15-Feb-2025 11:07:35] NOTICE: ready to handle connections
[15-Feb-2025 15:27:16] NOTICE: Terminating ...
[15-Feb-2025 15:27:16] NOTICE: Terminating ...
[15-Feb-2025 15:27:16] NOTICE: exiting, bye-bye!
[15-Feb-2025 15:27:17] NOTICE: fpm is running, pid 19659
[15-Feb-2025 15:27:17] NOTICE: ready to handle connections
[15-Feb-2025 17:09:34] NOTICE: Terminating ...
[15-Feb-2025 17:09:34] NOTICE: Terminating ...
[15-Feb-2025 17:09:34] NOTICE: exiting, bye-bye!
[05-Mar-2025 11:39:20] NOTICE: fpm is running, pid 89849
[05-Mar-2025 11:39:20] NOTICE: ready to handle connections
[05-Mar-2025 15:29:50] NOTICE: Terminating ...
[05-Mar-2025 15:29:50] NOTICE: Terminating ...
[05-Mar-2025 15:29:50] NOTICE: exiting, bye-bye!
[05-Mar-2025 15:29:51] NOTICE: fpm is running, pid 15006
[05-Mar-2025 15:29:51] NOTICE: ready to handle connections
[06-Mar-2025 16:55:00] NOTICE: Terminating ...
[06-Mar-2025 16:55:00] NOTICE: Terminating ...
[06-Mar-2025 16:55:00] NOTICE: exiting, bye-bye!
[06-Mar-2025 16:55:01] NOTICE: fpm is running, pid 24354
[06-Mar-2025 16:55:01] NOTICE: ready to handle connections
[06-Mar-2025 22:10:22] NOTICE: Terminating ...
[06-Mar-2025 22:10:22] NOTICE: Terminating ...
[06-Mar-2025 22:10:22] NOTICE: exiting, bye-bye!
[06-Mar-2025 22:14:18] NOTICE: fpm is running, pid 56860
[06-Mar-2025 22:14:18] NOTICE: ready to handle connections
